<?xml version="1.0" encoding="UTF-8"?>
<!-- Generated by org.testng.reporters.JUnitReportReporter -->
<testsuite hostname="LC02S10THG8WM." name="com.nimbus.testcase.VerifyLogin" tests="1" failures="0" timestamp="27 Oct 2016 23:04:50 GMT" time="1.821" errors="0">
  <testcase name="ValidUser" time="1.821" classname="com.nimbus.testcase.VerifyLogin"/>
</testsuite> <!-- com.nimbus.testcase.VerifyLogin -->
