<?xml version="1.0" encoding="UTF-8"?>
<!-- Generated by org.testng.reporters.JUnitReportReporter -->
<testsuite hostname="Shambhu" name="sol.tech.testcase.TestCases" tests="4" failures="0" timestamp="19 May 2017 14:12:33 GMT" time="7.573" errors="0">
  <testcase name="soltechPager" time="1.561" classname="sol.tech.testcase.TestCases"/>
  <testcase name="openPosition" time="1.530" classname="sol.tech.testcase.TestCases"/>
  <testcase name="typeQA" time="2.110" classname="sol.tech.testcase.TestCases"/>
  <testcase name="clickOnQAEngineer" time="2.372" classname="sol.tech.testcase.TestCases"/>
</testsuite> <!-- sol.tech.testcase.TestCases -->
